This is pdfTeX, Version 3.141592653-2.6-1.40.24 (MiKTeX 21.12.10) (preloaded format=pdflatex 2022.1.12)  22 MAY 2023 05:52
entering extended mode
 restricted \write18 enabled.
 %&-line parsing enabled.
**./ISGT_Smart_Meter.tex
(ISGT_Smart_Meter.tex
LaTeX2e <2021-11-15> patch level 1
L3 programming layer <2021-11-22> (IEEEtran.cls
Document Class: IEEEtran 2015/08/26 V1.8b by Michael Shell
-- See the "IEEEtran_HOWTO" manual for usage information.
-- http://www.michaelshell.org/tex/ieeetran/
\@IEEEtrantmpdimenA=\dimen138
\@IEEEtrantmpdimenB=\dimen139
\@IEEEtrantmpdimenC=\dimen140
\@IEEEtrantmpcountA=\count183
\@IEEEtrantmpcountB=\count184
\@IEEEtrantmpcountC=\count185
\@IEEEtrantmptoksA=\toks16
LaTeX Font Info:    Trying to load font information for OT1+ptm on input line 5
03.

(C:\Users\Benoit Couraud\AppData\Local\Programs\MiKTeX\tex/latex/psnfss\ot1ptm.
fd
File: ot1ptm.fd 2001/06/04 font definitions for OT1/ptm.
)
-- Using 8.5in x 11in (letter) paper.
-- Using PDF output.
\@IEEEnormalsizeunitybaselineskip=\dimen141
-- This is a 10 point document.
\CLASSINFOnormalsizebaselineskip=\dimen142
\CLASSINFOnormalsizeunitybaselineskip=\dimen143
\IEEEnormaljot=\dimen144
LaTeX Font Info:    Font shape `OT1/ptm/bx/n' in size <5> not available
(Font)              Font shape `OT1/ptm/b/n' tried instead on input line 1090.
LaTeX Font Info:    Font shape `OT1/ptm/bx/it' in size <5> not available
(Font)              Font shape `OT1/ptm/b/it' tried instead on input line 1090.

LaTeX Font Info:    Font shape `OT1/ptm/bx/n' in size <7> not available
(Font)              Font shape `OT1/ptm/b/n' tried instead on input line 1090.
LaTeX Font Info:    Font shape `OT1/ptm/bx/it' in size <7> not available
(Font)              Font shape `OT1/ptm/b/it' tried instead on input line 1090.

LaTeX Font Info:    Font shape `OT1/ptm/bx/n' in size <8> not available
(Font)              Font shape `OT1/ptm/b/n' tried instead on input line 1090.
LaTeX Font Info:    Font shape `OT1/ptm/bx/it' in size <8> not available
(Font)              Font shape `OT1/ptm/b/it' tried instead on input line 1090.

LaTeX Font Info:    Font shape `OT1/ptm/bx/n' in size <9> not available
(Font)              Font shape `OT1/ptm/b/n' tried instead on input line 1090.
LaTeX Font Info:    Font shape `OT1/ptm/bx/it' in size <9> not available
(Font)              Font shape `OT1/ptm/b/it' tried instead on input line 1090.

LaTeX Font Info:    Font shape `OT1/ptm/bx/n' in size <10> not available
(Font)              Font shape `OT1/ptm/b/n' tried instead on input line 1090.
LaTeX Font Info:    Font shape `OT1/ptm/bx/it' in size <10> not available
(Font)              Font shape `OT1/ptm/b/it' tried instead on input line 1090.

LaTeX Font Info:    Font shape `OT1/ptm/bx/n' in size <11> not available
(Font)              Font shape `OT1/ptm/b/n' tried instead on input line 1090.
LaTeX Font Info:    Font shape `OT1/ptm/bx/it' in size <11> not available
(Font)              Font shape `OT1/ptm/b/it' tried instead on input line 1090.

LaTeX Font Info:    Font shape `OT1/ptm/bx/n' in size <12> not available
(Font)              Font shape `OT1/ptm/b/n' tried instead on input line 1090.
LaTeX Font Info:    Font shape `OT1/ptm/bx/it' in size <12> not available
(Font)              Font shape `OT1/ptm/b/it' tried instead on input line 1090.

LaTeX Font Info:    Font shape `OT1/ptm/bx/n' in size <17> not available
(Font)              Font shape `OT1/ptm/b/n' tried instead on input line 1090.
LaTeX Font Info:    Font shape `OT1/ptm/bx/it' in size <17> not available
(Font)              Font shape `OT1/ptm/b/it' tried instead on input line 1090.

LaTeX Font Info:    Font shape `OT1/ptm/bx/n' in size <20> not available
(Font)              Font shape `OT1/ptm/b/n' tried instead on input line 1090.
LaTeX Font Info:    Font shape `OT1/ptm/bx/it' in size <20> not available
(Font)              Font shape `OT1/ptm/b/it' tried instead on input line 1090.

LaTeX Font Info:    Font shape `OT1/ptm/bx/n' in size <24> not available
(Font)              Font shape `OT1/ptm/b/n' tried instead on input line 1090.
LaTeX Font Info:    Font shape `OT1/ptm/bx/it' in size <24> not available
(Font)              Font shape `OT1/ptm/b/it' tried instead on input line 1090.

\IEEEquantizedlength=\dimen145
\IEEEquantizedlengthdiff=\dimen146
\IEEEquantizedtextheightdiff=\dimen147
\IEEEilabelindentA=\dimen148
\IEEEilabelindentB=\dimen149
\IEEEilabelindent=\dimen150
\IEEEelabelindent=\dimen151
\IEEEdlabelindent=\dimen152
\IEEElabelindent=\dimen153
\IEEEiednormlabelsep=\dimen154
\IEEEiedmathlabelsep=\dimen155
\IEEEiedtopsep=\skip47
\c@section=\count186
\c@subsection=\count187
\c@subsubsection=\count188
\c@paragraph=\count189
\c@IEEEsubequation=\count190
\abovecaptionskip=\skip48
\belowcaptionskip=\skip49
\c@figure=\count191
\c@table=\count192
\@IEEEeqnnumcols=\count193
\@IEEEeqncolcnt=\count194
\@IEEEsubeqnnumrollback=\count195
\@IEEEquantizeheightA=\dimen156
\@IEEEquantizeheightB=\dimen157
\@IEEEquantizeheightC=\dimen158
\@IEEEquantizeprevdepth=\dimen159
\@IEEEquantizemultiple=\count196
\@IEEEquantizeboxA=\box50
\@IEEEtmpitemindent=\dimen160
\IEEEPARstartletwidth=\dimen161
\c@IEEEbiography=\count197
\@IEEEtranrubishbin=\box51
)
** ATTENTION: Overriding command lockouts (line 2).
(C:\Users\Benoit Couraud\AppData\Local\Programs\MiKTeX\tex/latex/cite\cite.sty
LaTeX Info: Redefining \cite on input line 302.
LaTeX Info: Redefining \nocite on input line 332.
Package: cite 2015/02/27  v 5.5
)
(C:\Users\Benoit Couraud\AppData\Local\Programs\MiKTeX\tex/latex/amsmath\amsmat
h.sty
Package: amsmath 2021/10/15 v2.17l AMS math features
\@mathmargin=\skip50

For additional information on amsmath, use the `?' option.

(C:\Users\Benoit Couraud\AppData\Local\Programs\MiKTeX\tex/latex/amsmath\amstex
t.sty
Package: amstext 2021/08/26 v2.01 AMS text

(C:\Users\Benoit Couraud\AppData\Local\Programs\MiKTeX\tex/latex/amsmath\amsgen
.sty
File: amsgen.sty 1999/11/30 v2.0 generic functions
\@emptytoks=\toks17
\ex@=\dimen162
))
(C:\Users\Benoit Couraud\AppData\Local\Programs\MiKTeX\tex/latex/amsmath\amsbsy
.sty
Package: amsbsy 1999/11/29 v1.2d Bold Symbols
\pmbraise@=\dimen163
)
(C:\Users\Benoit Couraud\AppData\Local\Programs\MiKTeX\tex/latex/amsmath\amsopn
.sty
Package: amsopn 2021/08/26 v2.02 operator names
)
\inf@bad=\count198
LaTeX Info: Redefining \frac on input line 234.
\uproot@=\count199
\leftroot@=\count266
LaTeX Info: Redefining \overline on input line 399.
\classnum@=\count267
\DOTSCASE@=\count268
LaTeX Info: Redefining \ldots on input line 496.
LaTeX Info: Redefining \dots on input line 499.
LaTeX Info: Redefining \cdots on input line 620.
\Mathstrutbox@=\box52
\strutbox@=\box53
\big@size=\dimen164
LaTeX Font Info:    Redeclaring font encoding OML on input line 743.
LaTeX Font Info:    Redeclaring font encoding OMS on input line 744.
\macc@depth=\count269
\c@MaxMatrixCols=\count270
\dotsspace@=\muskip16
\c@parentequation=\count271
\dspbrk@lvl=\count272
\tag@help=\toks18
\row@=\count273
\column@=\count274
\maxfields@=\count275
\andhelp@=\toks19
\eqnshift@=\dimen165
\alignsep@=\dimen166
\tagshift@=\dimen167
\tagwidth@=\dimen168
\totwidth@=\dimen169
\lineht@=\dimen170
\@envbody=\toks20
\multlinegap=\skip51
\multlinetaggap=\skip52
\mathdisplay@stack=\toks21
LaTeX Info: Redefining \[ on input line 2938.
LaTeX Info: Redefining \] on input line 2939.
)
(C:\Users\Benoit Couraud\AppData\Local\Programs\MiKTeX\tex/latex/amsfonts\amssy
mb.sty
Package: amssymb 2013/01/14 v3.01 AMS font symbols

(C:\Users\Benoit Couraud\AppData\Local\Programs\MiKTeX\tex/latex/amsfonts\amsfo
nts.sty
Package: amsfonts 2013/01/14 v3.01 Basic AMSFonts support
\symAMSa=\mathgroup4
\symAMSb=\mathgroup5
LaTeX Font Info:    Redeclaring math symbol \hbar on input line 98.
LaTeX Font Info:    Overwriting math alphabet `\mathfrak' in version `bold'
(Font)                  U/euf/m/n --> U/euf/b/n on input line 106.
))
(C:\Users\Benoit Couraud\AppData\Local\Programs\MiKTeX\tex/latex/algorithms\alg
orithmic.sty
Package: algorithmic 2009/08/24 v0.1 Document Style `algorithmic'

(C:\Users\Benoit Couraud\AppData\Local\Programs\MiKTeX\tex/latex/base\ifthen.st
y
Package: ifthen 2020/11/24 v1.1c Standard LaTeX ifthen package (DPC)
)
(C:\Users\Benoit Couraud\AppData\Local\Programs\MiKTeX\tex/latex/graphics\keyva
l.sty
Package: keyval 2014/10/28 v1.15 key=value parser (DPC)
\KV@toks@=\toks22
)
\c@ALC@unique=\count276
\c@ALC@line=\count277
\c@ALC@rem=\count278
\c@ALC@depth=\count279
\ALC@tlm=\skip53
\algorithmicindent=\skip54
)
(C:\Users\Benoit Couraud\AppData\Local\Programs\MiKTeX\tex/latex/graphics\graph
icx.sty
Package: graphicx 2021/09/16 v1.2d Enhanced LaTeX Graphics (DPC,SPQR)

(C:\Users\Benoit Couraud\AppData\Local\Programs\MiKTeX\tex/latex/graphics\graph
ics.sty
Package: graphics 2021/03/04 v1.4d Standard LaTeX Graphics (DPC,SPQR)

(C:\Users\Benoit Couraud\AppData\Local\Programs\MiKTeX\tex/latex/graphics\trig.
sty
Package: trig 2021/08/11 v1.11 sin cos tan (DPC)
)
(C:\Users\Benoit Couraud\AppData\Local\Programs\MiKTeX\tex/latex/graphics-cfg\g
raphics.cfg
File: graphics.cfg 2016/06/04 v1.11 sample graphics configuration
)
Package graphics Info: Driver file: pdftex.def on input line 107.

(C:\Users\Benoit Couraud\AppData\Local\Programs\MiKTeX\tex/latex/graphics-def\p
dftex.def
File: pdftex.def 2020/10/05 v1.2a Graphics/color driver for pdftex
))
\Gin@req@height=\dimen171
\Gin@req@width=\dimen172
)
(C:\Users\Benoit Couraud\AppData\Local\Programs\MiKTeX\tex/latex/base\textcomp.
sty
Package: textcomp 2020/02/02 v2.0n Standard LaTeX package
)
(C:\Users\Benoit Couraud\AppData\Local\Programs\MiKTeX\tex/latex/xcolor\xcolor.
sty
Package: xcolor 2021/10/31 v2.13 LaTeX color extensions (UK)

(C:\Users\Benoit Couraud\AppData\Local\Programs\MiKTeX\tex/latex/graphics-cfg\c
olor.cfg
File: color.cfg 2016/01/02 v1.6 sample color configuration
)
Package xcolor Info: Driver file: pdftex.def on input line 227.
Package xcolor Info: Model `cmy' substituted by `cmy0' on input line 1352.
Package xcolor Info: Model `hsb' substituted by `rgb' on input line 1356.
Package xcolor Info: Model `RGB' extended on input line 1368.
Package xcolor Info: Model `HTML' substituted by `rgb' on input line 1370.
Package xcolor Info: Model `Hsb' substituted by `hsb' on input line 1371.
Package xcolor Info: Model `tHsb' substituted by `hsb' on input line 1372.
Package xcolor Info: Model `HSB' substituted by `hsb' on input line 1373.
Package xcolor Info: Model `Gray' substituted by `gray' on input line 1374.
Package xcolor Info: Model `wave' substituted by `hsb' on input line 1375.
)
(C:\Users\Benoit Couraud\AppData\Local\Programs\MiKTeX\tex/latex/picinpar\picin
par.sty
Pictures in Paragraphs. Version 1.2a, July 13, 1993
\br=\count280
\bl=\count281
\na=\count282
\nb=\count283
\tcdsav=\count284
\tcl=\count285
\tcd=\count286
\tcn=\count287
\cumtcl=\count288
\cumpartcl=\count289
\lftside=\dimen173
\rtside=\dimen174
\hpic=\dimen175
\vpic=\dimen176
\strutilg=\dimen177
\picwd=\dimen178
\topheight=\dimen179
\ilg=\dimen180
\lpic=\dimen181
\lwindowsep=\dimen182
\rwindowsep=\dimen183
\cumpar=\dimen184
\twa=\toks23
\la=\toks24
\ra=\toks25
\ha=\toks26
\pictoc=\toks27
\rawtext=\box54
\holder=\box55
\windowbox=\box56
\wartext=\box57
\finaltext=\box58
\aslice=\box59
\bslice=\box60
\wbox=\box61
\wstrutbox=\box62
\picbox=\box63
\waslice=\box64
\wbslice=\box65
\fslice=\box66
) (C:\Users\Benoit Couraud\AppData\Local\Programs\MiKTeX\tex/latex/url\url.sty
\Urlmuskip=\muskip17
Package: url 2013/09/16  ver 3.4  Verb mode for urls, etc.
)
(C:\Users\Benoit Couraud\AppData\Local\Programs\MiKTeX\tex/latex/sttools\flushe
nd.sty
Package: flushend 2021/10/04 v4.0 Balancing columns in twocolumn mode
\flushend@@lastskip@a=\skip55
\flushend@@lastskip@b=\skip56
\flushend@@lastnode=\count290
\var@@loop@iter=\count291
\var@@temp@spread=\dimen185
\var@@temp@a=\dimen186
\var@@temp@loop=\dimen187
\flushend@@page@rule=\dimen188
\flushend@@varbox@lastpage=\box67
\flushend@@varbox@a=\box68
\flushend@@varbox@c=\box69
\flushend@@tempbox@a=\box70
\flushend@@tempbox@c=\box71
\flushend@@floatbox=\box72
\@viper=\box73
\hold@viper=\box74
\atColsBreak=\toks28
\atColsEnd=\toks29
\oldbreak@skip=\dimen189
)
(C:\Users\Benoit Couraud\AppData\Local\Programs\MiKTeX\tex/latex/colortbl\color
tbl.sty
Package: colortbl 2020/01/04 v1.0e Color table columns (DPC)

(C:\Users\Benoit Couraud\AppData\Local\Programs\MiKTeX\tex/latex/tools\array.st
y
Package: array 2021/10/04 v2.5f Tabular extension package (FMi)
\col@sep=\dimen190
\ar@mcellbox=\box75
\extrarowheight=\dimen191
\NC@list=\toks30
\extratabsurround=\skip57
\backup@length=\skip58
\ar@cellbox=\box76
)
\everycr=\toks31
\minrowclearance=\skip59
)
(C:\Users\Benoit Couraud\AppData\Local\Programs\MiKTeX\tex/generic/soul\soul.st
y
Package: soul 2003/11/17 v2.4 letterspacing/underlining (mf)
\SOUL@word=\toks32
\SOUL@lasttoken=\toks33
\SOUL@cmds=\toks34
\SOUL@buffer=\toks35
\SOUL@token=\toks36
\SOUL@spaceskip=\skip60
\SOUL@ttwidth=\dimen192
\SOUL@uldp=\dimen193
\SOUL@ulht=\dimen194
)
(C:\Users\Benoit Couraud\AppData\Local\Programs\MiKTeX\tex/latex/multirow\multi
row.sty
Package: multirow 2021/03/15 v2.8 Span multiple rows of a table
\multirow@colwidth=\skip61
\multirow@cntb=\count292
\multirow@dima=\skip62
\bigstrutjot=\dimen195
)
(C:\Users\Benoit Couraud\AppData\Local\Programs\MiKTeX\tex/latex/psnfss\pifont.
sty
Package: pifont 2020/03/25 PSNFSS-v9.3 Pi font support (SPQR) 
LaTeX Font Info:    Trying to load font information for U+pzd on input line 63.


(C:\Users\Benoit Couraud\AppData\Local\Programs\MiKTeX\tex/latex/psnfss\upzd.fd
File: upzd.fd 2001/06/04 font definitions for U/pzd.
)
LaTeX Font Info:    Trying to load font information for U+psy on input line 64.


(C:\Users\Benoit Couraud\AppData\Local\Programs\MiKTeX\tex/latex/psnfss\upsy.fd
File: upsy.fd 2001/06/04 font definitions for U/psy.
))
(C:\Users\Benoit Couraud\AppData\Local\Programs\MiKTeX\tex/latex/base\alltt.sty
Package: alltt 2021/01/29 v2.0g defines alltt environment
)
(C:\Users\Benoit Couraud\AppData\Local\Programs\MiKTeX\tex/latex/tools\enumerat
e.sty
Package: enumerate 2015/07/23 v3.00 enumerate extensions (DPC)
\@enLab=\toks37
)
(C:\Users\Benoit Couraud\AppData\Local\Programs\MiKTeX\tex/latex/siunitx\siunit
x.sty
Package: siunitx 2022-01-05 v3.0.39 A comprehensive (SI) units package
\l__siunitx_angle_tmp_dim=\dimen196
\l__siunitx_angle_marker_box=\box77
\l__siunitx_angle_unit_box=\box78
\l__siunitx_compound_count_int=\count293

(C:\Users\Benoit Couraud\AppData\Local\Programs\MiKTeX\tex/latex/translations\t
ranslations.sty
Package: translations 2022/01/04 v1.11 internationalization of LaTeX2e packages
 (CN)

(C:\Users\Benoit Couraud\AppData\Local\Programs\MiKTeX\tex/latex/etoolbox\etool
box.sty
Package: etoolbox 2020/10/05 v2.5k e-TeX tools for LaTeX (JAW)
\etb@tempcnta=\count294
)
(C:\Users\Benoit Couraud\AppData\Local\Programs\MiKTeX\tex/generic/pdftexcmds\p
dftexcmds.sty
Package: pdftexcmds 2020-06-27 v0.33 Utility functions of pdfTeX for LuaTeX (HO
)

(C:\Users\Benoit Couraud\AppData\Local\Programs\MiKTeX\tex/generic/infwarerr\in
fwarerr.sty
Package: infwarerr 2019/12/03 v1.5 Providing info/warning/error messages (HO)
)
(C:\Users\Benoit Couraud\AppData\Local\Programs\MiKTeX\tex/generic/iftex\iftex.
sty
Package: iftex 2020/03/06 v1.0d TeX engine tests
)
(C:\Users\Benoit Couraud\AppData\Local\Programs\MiKTeX\tex/generic/ltxcmds\ltxc
mds.sty
Package: ltxcmds 2020-05-10 v1.25 LaTeX kernel commands for general use (HO)
)
Package pdftexcmds Info: \pdf@primitive is available.
Package pdftexcmds Info: \pdf@ifprimitive is available.
Package pdftexcmds Info: \pdfdraftmode found.
))
\l__siunitx_number_exponent_fixed_int=\count295
\l__siunitx_number_min_decimal_int=\count296
\l__siunitx_number_min_integer_int=\count297
\l__siunitx_number_round_precision_int=\count298
\l__siunitx_number_group_minimum_int=\count299
\l__siunitx_table_tmp_box=\box79
\l__siunitx_table_tmp_dim=\dimen197
\l__siunitx_table_column_width_dim=\dimen198
\l__siunitx_table_integer_box=\box80
\l__siunitx_table_decimal_box=\box81
\l__siunitx_table_before_box=\box82
\l__siunitx_table_after_box=\box83
\l__siunitx_table_before_dim=\dimen199
\l__siunitx_table_carry_dim=\dimen256
\l__siunitx_unit_tmp_int=\count300
\l__siunitx_unit_position_int=\count301
\l__siunitx_unit_total_int=\count302

(C:\Users\Benoit Couraud\AppData\Local\Programs\MiKTeX\tex/latex/l3packages/l3k
eys2e\l3keys2e.sty
(C:\Users\Benoit Couraud\AppData\Local\Programs\MiKTeX\tex/latex/l3kernel\expl3
.sty
Package: expl3 2021-11-22 L3 programming layer (loader) 

(C:\Users\Benoit Couraud\AppData\Local\Programs\MiKTeX\tex/latex/l3backend\l3ba
ckend-pdftex.def
File: l3backend-pdftex.def 2021-12-14 L3 backend support: PDF output (pdfTeX)
\l__color_backend_stack_int=\count303
\l__pdf_internal_box=\box84
))
Package: l3keys2e 2021-11-12 LaTeX2e option processing using LaTeX3 keys
))
(C:\Users\Benoit Couraud\AppData\Local\Programs\MiKTeX\tex/latex/breakurl\break
url.sty
Package: breakurl 2013/04/10 v1.40 Breakable hyperref URLs

(C:\Users\Benoit Couraud\AppData\Local\Programs\MiKTeX\tex/latex/xkeyval\xkeyva
l.sty
Package: xkeyval 2020/11/20 v2.8 package option processing (HA)

(C:\Users\Benoit Couraud\AppData\Local\Programs\MiKTeX\tex/generic/xkeyval\xkey
val.tex
(C:\Users\Benoit Couraud\AppData\Local\Programs\MiKTeX\tex/generic/xkeyval\xkvu
tils.tex
\XKV@toks=\toks38
\XKV@tempa@toks=\toks39
)
\XKV@depth=\count304
File: xkeyval.tex 2014/12/03 v2.7a key=value parser (HA)
))
(C:\Users\Benoit Couraud\AppData\Local\Programs\MiKTeX\tex/generic/iftex\ifpdf.
sty
Package: ifpdf 2019/10/25 v3.4 ifpdf legacy package. Use iftex instead.
)

Package breakurl Warning: You are using breakurl while processing via pdflatex.

(breakurl)                \burl will be just a synonym of \url.
(breakurl)                 on input line 48.

)
(C:\Users\Benoit Couraud\AppData\Local\Programs\MiKTeX\tex/latex/epstopdf-pkg\e
pstopdf.sty
Package: epstopdf 2020-01-24 v2.11 Conversion with epstopdf on the fly (HO)

(C:\Users\Benoit Couraud\AppData\Local\Programs\MiKTeX\tex/latex/grfext\grfext.
sty
Package: grfext 2019/12/03 v1.3 Manage graphics extensions (HO)

(C:\Users\Benoit Couraud\AppData\Local\Programs\MiKTeX\tex/generic/kvdefinekeys
\kvdefinekeys.sty
Package: kvdefinekeys 2019-12-19 v1.6 Define keys (HO)
))
(C:\Users\Benoit Couraud\AppData\Local\Programs\MiKTeX\tex/latex/kvoptions\kvop
tions.sty
Package: kvoptions 2020-10-07 v3.14 Key value format for package options (HO)

(C:\Users\Benoit Couraud\AppData\Local\Programs\MiKTeX\tex/generic/kvsetkeys\kv
setkeys.sty
Package: kvsetkeys 2019/12/15 v1.18 Key value parser (HO)
))
(C:\Users\Benoit Couraud\AppData\Local\Programs\MiKTeX\tex/latex/epstopdf-pkg\e
pstopdf-base.sty
Package: epstopdf-base 2020-01-24 v2.11 Base part for package epstopdf
Package epstopdf-base Info: Redefining graphics rule for `.eps' on input line 4
85.
Package grfext Info: Graphics extension search list:
(grfext)             [.pdf,.png,.jpg,.mps,.jpeg,.jbig2,.jb2,.PDF,.PNG,.JPG,.JPE
G,.JBIG2,.JB2,.eps]
(grfext)             \AppendGraphicsExtensions on input line 504.

(C:\Users\Benoit Couraud\AppData\Local\Programs\MiKTeX\tex/latex/00miktex\epsto
pdf-sys.cfg
File: epstopdf-sys.cfg 2021/03/18 v2.0 Configuration of epstopdf for MiKTeX
)))
(C:\Users\Benoit Couraud\AppData\Local\Programs\MiKTeX\tex/latex/pbox\pbox.sty
Package: pbox 2011/12/07 v1.2 Dynamic parboxes

(C:\Users\Benoit Couraud\AppData\Local\Programs\MiKTeX\tex/latex/tools\calc.sty
Package: calc 2017/05/25 v4.3 Infix arithmetic (KKT,FJ)
\calc@Acount=\count305
\calc@Bcount=\count306
\calc@Adimen=\dimen257
\calc@Bdimen=\dimen258
\calc@Askip=\skip63
\calc@Bskip=\skip64
LaTeX Info: Redefining \setlength on input line 80.
LaTeX Info: Redefining \addtolength on input line 81.
\calc@Ccount=\count307
\calc@Cskip=\skip65
)
\pb@xlen=\skip66
)
(C:\Users\Benoit Couraud\AppData\Local\Programs\MiKTeX\tex/latex/breqn\breqn.st
y
Package: breqn 2021/10/28 v0.98l Breaking equations

(C:\Users\Benoit Couraud\AppData\Local\Programs\MiKTeX\tex/latex/breqn\flexisym
.sty
Package: flexisym 2021/10/28 v0.98l Make math characters macros
LaTeX Info: Redefining \textprime on input line 299.
LaTeX Info: Redefining \not on input line 357.

(C:\Users\Benoit Couraud\AppData\Local\Programs\MiKTeX\tex/latex/breqn\cmbase.s
ym
File: cmbase.sym 2007/12/19 v0.92
LaTeX Info: Redefining \hbar on input line 324.
LaTeX Info: Redefining \surd on input line 326.
LaTeX Info: Redefining \angle on input line 334.
LaTeX Info: Redefining \neq on input line 335.
LaTeX Info: Redefining \mapsto on input line 336.
LaTeX Info: Redefining \cong on input line 337.
LaTeX Info: Redefining \notin on input line 340.
LaTeX Info: Redefining \rightleftharpoons on input line 341.
LaTeX Info: Redefining \doteq on input line 342.
LaTeX Info: Redefining \hookrightarrow on input line 343.
LaTeX Info: Redefining \hookleftarrow on input line 344.
LaTeX Info: Redefining \bowtie on input line 345.
LaTeX Info: Redefining \models on input line 346.
LaTeX Info: Redefining \Longrightarrow on input line 347.
LaTeX Info: Redefining \longrightarrow on input line 348.
LaTeX Info: Redefining \Longleftarrow on input line 349.
LaTeX Info: Redefining \longleftarrow on input line 350.
LaTeX Info: Redefining \longmapsto on input line 351.
LaTeX Info: Redefining \longleftrightarrow on input line 352.
LaTeX Info: Redefining \Longleftrightarrow on input line 353.
LaTeX Info: Redefining \cdots on input line 357.
LaTeX Info: Redefining \vdots on input line 360.
LaTeX Info: Redefining \ddots on input line 365.
)
(C:\Users\Benoit Couraud\AppData\Local\Programs\MiKTeX\tex/latex/breqn\mathstyl
e.sty
Package: mathstyle 2021/10/28 v0.98l Tracking mathstyle implicitly
LaTeX Info: Redefining \displaystyle on input line 95.
LaTeX Info: Redefining \textstyle on input line 97.
LaTeX Info: Redefining \scriptstyle on input line 99.
LaTeX Info: Redefining \scriptscriptstyle on input line 101.
LaTeX Info: Redefining \genfrac on input line 149.
))
\inf@bad=\count308
\maxint=\count309
\listwidth=\dimen259
\eqnumsep=\dimen260
\eqmargin=\dimen261
\eqlinespacing=\skip67
\eqlineskip=\skip68
\eqlineskiplimit=\dimen262
\eqbinoffset=\muskip18
\eqdelimoffset=\muskip19
\eqindentstep=\dimen263
\eqstyle=\toks40
\eqbreakdepth=\count310
\eqinterlinepenalty=\count311
\intereqpenalty=\count312
\intereqskip=\skip69
\prerelpenalty=\count313
\prebinoppenalty=\count314
\Dmedmuskip=\muskip20
\Dthickmuskip=\muskip21
\eqleftskip=\skip70
\eqrightskip=\skip71
\eq@vspan=\skip72
\eq@binoffset=\muskip22
\EQ@box=\box85
\EQ@copy=\box86
\EQ@numbox=\box87
\eq@wdNum=\dimen264
\GRP@numbox=\box88
\grp@wdNum=\dimen265
\eq@lines=\count315
\eq@curline=\count316
\eq@badness=\count317
\EQ@vims=\count318
\eq@dp=\dimen266
\eq@wdL=\dimen267
\eq@wdT=\dimen268
\eq@wdMin=\dimen269
\grp@wdL=\dimen270
\grp@wdR=\dimen271
\grp@wdT=\dimen272
\eq@wdRmax=\dimen273
\eq@firstht=\dimen274
\eq@wdCond=\dimen275
\eq@indentstep=\dimen276
\eq@linewidth=\dimen277
\grp@linewidth=\dimen278
\eq@hshift=\dimen279
\eq@given@sidespace=\dimen280
\mathindent=\dimen281
\eq@final@linecount=\count319
\eq@wdR=\dimen282
\EQ@continue=\toks41
\lr@level=\count320
\GRP@queue=\toks42
\GRP@box=\box89
\GRP@wholebox=\box90
\darraycolsep=\skip73
\cur@row=\count321
\cur@col=\count322
\conditionsep=\skip74
)
(C:\Users\Benoit Couraud\AppData\Local\Programs\MiKTeX\tex/latex/l3packages/xfr
ac\xfrac.sty
(C:\Users\Benoit Couraud\AppData\Local\Programs\MiKTeX\tex/latex/l3packages/xpa
rse\xparse.sty
Package: xparse 2021-11-12 L3 Experimental document command parser
)
(C:\Users\Benoit Couraud\AppData\Local\Programs\MiKTeX\tex/latex/l3packages/xte
mplate\xtemplate.sty
Package: xtemplate 2021-11-12 L3 Experimental prototype document functions
\l__xtemplate_tmp_dim=\dimen283
\l__xtemplate_tmp_int=\count323
\l__xtemplate_tmp_muskip=\muskip23
\l__xtemplate_tmp_skip=\skip75
)
Package: xfrac 2021-11-12 L3 Experimental split-level fractions
\l__xfrac_slash_box=\box91
\l__xfrac_tmp_box=\box92
\l__xfrac_denominator_bot_sep_dim=\dimen284
\l__xfrac_numerator_bot_sep_dim=\dimen285
\l__xfrac_numerator_top_sep_dim=\dimen286
\l__xfrac_slash_left_sep_dim=\dimen287
\l__xfrac_slash_right_sep_dim=\dimen288
\l__xfrac_slash_left_muskip=\muskip24
\l__xfrac_slash_right_muskip=\muskip25

Package xtemplate Info: Declaring object type 'xfrac' taking 3 argument(s) on
(xtemplate)             line 80.

)
(C:\Users\Benoit Couraud\AppData\Local\Programs\MiKTeX\tex/latex/makecell\makec
ell.sty
Package: makecell 2009/08/03 V0.1e Managing of Tab Column Heads and Cells
\rotheadsize=\dimen289
\c@nlinenum=\count324
\TeXr@lab=\toks43
)
(C:\Users\Benoit Couraud\AppData\Local\Programs\MiKTeX\tex/latex/nomencl\nomenc
l.sty
Package: nomencl 2021/11/10 v5.6 Nomenclature package

(C:\Users\Benoit Couraud\AppData\Local\Programs\MiKTeX\tex/latex/koma-script\to
cbasic.sty
Package: tocbasic 2021/11/13 v3.35 KOMA-Script package (handling toc-files)

(C:\Users\Benoit Couraud\AppData\Local\Programs\MiKTeX\tex/latex/koma-script\sc
rbase.sty
Package: scrbase 2021/11/13 v3.35 KOMA-Script package (KOMA-Script-independent 
basics and keyval usage)

(C:\Users\Benoit Couraud\AppData\Local\Programs\MiKTeX\tex/latex/koma-script\sc
rlfile.sty
Package: scrlfile 2021/11/13 v3.35 KOMA-Script package (file load hooks)

(C:\Users\Benoit Couraud\AppData\Local\Programs\MiKTeX\tex/latex/koma-script\sc
rlfile-hook.sty
Package: scrlfile-hook 2021/11/13 v3.35 KOMA-Script package (using LaTeX hooks)


(C:\Users\Benoit Couraud\AppData\Local\Programs\MiKTeX\tex/latex/koma-script\sc
rlogo.sty
Package: scrlogo 2021/11/13 v3.35 KOMA-Script package (logo)
)))
Applying: [2021/05/01] Usage of raw or classic option list on input line 252.
Already applied: [0000/00/00] Usage of raw or classic option list on input line
 368.
)
\scr@dte@tocline@numberwidth=\skip76
\scr@dte@tocline@numbox=\box93
)
Package tocbasic Info: babel extension for `nlo' omitted
(tocbasic)             because of missing \bbl@set@language on input line 187.
Package tocbasic Info: babel extension for `nls' omitted
(tocbasic)             because of missing \bbl@set@language on input line 188.
\nomlabelwidth=\dimen290
\nom@tempdim=\dimen291
\nomitemsep=\skip77
)
(C:\Users\Benoit Couraud\AppData\Local\Programs\MiKTeX\tex/latex/tools\multicol
.sty
Package: multicol 2021/10/28 v1.9b multicolumn formatting (FMi)
\c@tracingmulticols=\count325
\mult@box=\box94
\multicol@leftmargin=\dimen292
\c@unbalance=\count326
\c@collectmore=\count327
\doublecol@number=\count328
\multicoltolerance=\count329
\multicolpretolerance=\count330
\full@width=\dimen293
\page@free=\dimen294
\premulticols=\dimen295
\postmulticols=\dimen296
\multicolsep=\skip78
\multicolbaselineskip=\skip79
\partial@page=\box95
\last@line=\box96
\maxbalancingoverflow=\dimen297
\mult@rightbox=\box97
\mult@grightbox=\box98
\mult@firstbox=\box99
\mult@gfirstbox=\box100
\@tempa=\box101
\@tempa=\box102
\@tempa=\box103
\@tempa=\box104
\@tempa=\box105
\@tempa=\box106
\@tempa=\box107
\@tempa=\box108
\@tempa=\box109
\@tempa=\box110
\@tempa=\box111
\@tempa=\box112
\@tempa=\box113
\@tempa=\box114
\@tempa=\box115
\@tempa=\box116
\@tempa=\box117
\@tempa=\box118
\@tempa=\box119
\@tempa=\box120
\@tempa=\box121
\@tempa=\box122
\@tempa=\box123
\@tempa=\box124
\@tempa=\box125
\@tempa=\box126
\@tempa=\box127
\@tempa=\box128
\@tempa=\box129
\@tempa=\box130
\@tempa=\box131
\@tempa=\box132
\@tempa=\box133
\@tempa=\box134
\@tempa=\box135
\@tempa=\box136
\c@minrows=\count331
\c@columnbadness=\count332
\c@finalcolumnbadness=\count333
\last@try=\dimen298
\multicolovershoot=\dimen299
\multicolundershoot=\dimen300
\mult@nat@firstbox=\box137
\colbreak@box=\box138
\mc@col@check@num=\count334
)
(C:\Users\Benoit Couraud\AppData\Local\Programs\MiKTeX\tex/latex/tools\longtabl
e.sty
Package: longtable 2021-09-01 v4.17 Multi-page Table package (DPC)
\LTleft=\skip80
\LTright=\skip81
\LTpre=\skip82
\LTpost=\skip83
\LTchunksize=\count335
\LTcapwidth=\dimen301
\LT@head=\box139
\LT@firsthead=\box140
\LT@foot=\box141
\LT@lastfoot=\box142
\LT@gbox=\box143
\LT@cols=\count336
\LT@rows=\count337
\c@LT@tables=\count338
\c@LT@chunks=\count339
\LT@p@ftn=\toks44
)
(C:\Users\Benoit Couraud\AppData\Local\Programs\MiKTeX\tex/latex/booktabs\bookt
abs.sty
Package: booktabs 2020/01/12 v1.61803398 Publication quality tables
\heavyrulewidth=\dimen302
\lightrulewidth=\dimen303
\cmidrulewidth=\dimen304
\belowrulesep=\dimen305
\belowbottomsep=\dimen306
\aboverulesep=\dimen307
\abovetopsep=\dimen308
\cmidrulesep=\dimen309
\cmidrulekern=\dimen310
\defaultaddspace=\dimen311
\@cmidla=\count340
\@cmidlb=\count341
\@aboverulesep=\dimen312
\@belowrulesep=\dimen313
\@thisruleclass=\count342
\@lastruleclass=\count343
\@thisrulewidth=\dimen314
)
Package translations Info: No language package found. I am going to use `englis
h' as default language. on input line 68.
 (ISGT_Smart_Meter.aux)
\openout1 = `ISGT_Smart_Meter.aux'.

LaTeX Font Info:    Checking defaults for OML/cmm/m/it on input line 68.
LaTeX Font Info:    ... okay on input line 68.
LaTeX Font Info:    Checking defaults for OMS/cmsy/m/n on input line 68.
LaTeX Font Info:    ... okay on input line 68.
LaTeX Font Info:    Checking defaults for OT1/cmr/m/n on input line 68.
LaTeX Font Info:    ... okay on input line 68.
LaTeX Font Info:    Checking defaults for T1/cmr/m/n on input line 68.
LaTeX Font Info:    ... okay on input line 68.
LaTeX Font Info:    Checking defaults for TS1/cmr/m/n on input line 68.
LaTeX Font Info:    ... okay on input line 68.
LaTeX Font Info:    Checking defaults for OMX/cmex/m/n on input line 68.
LaTeX Font Info:    ... okay on input line 68.
LaTeX Font Info:    Checking defaults for U/cmr/m/n on input line 68.
LaTeX Font Info:    ... okay on input line 68.

-- Lines per column: 56 (exact).

(C:\Users\Benoit Couraud\AppData\Local\Programs\MiKTeX\tex/context/base/mkii\su
pp-pdf.mkii
[Loading MPS to PDF converter (version 2006.09.02).]
\scratchcounter=\count344
\scratchdimen=\dimen315
\scratchbox=\box144
\nofMPsegments=\count345
\nofMParguments=\count346
\everyMPshowfont=\toks45
\MPscratchCnt=\count347
\MPscratchDim=\dimen316
\MPnumerator=\count348
\makeMPintoPDFobject=\count349
\everyMPtoPDFconversion=\toks46
)
(C:\Users\Benoit Couraud\AppData\Local\Programs\MiKTeX\tex/latex/translations/d
icts\translations-basic-dictionary-english.trsl
File: translations-basic-dictionary-english.trsl (english translation file `tra
nslations-basic-dictionary')
)
Package translations Info: loading dictionary `translations-basic-dictionary' f
or `english'. on input line 68.
LaTeX Font Info:    Calculating math sizes for size <11> on input line 146.
LaTeX Font Info:    Trying to load font information for U+msa on input line 146
.

(C:\Users\Benoit Couraud\AppData\Local\Programs\MiKTeX\tex/latex/amsfonts\umsa.
fd
File: umsa.fd 2013/01/14 v3.01 AMS symbols A
)
LaTeX Font Info:    Trying to load font information for U+msb on input line 146
.

(C:\Users\Benoit Couraud\AppData\Local\Programs\MiKTeX\tex/latex/amsfonts\umsb.
fd
File: umsb.fd 2013/01/14 v3.01 AMS symbols B
) [1{C:/Users/Benoit Couraud/AppData/Local/MiKTeX/fonts/map/pdftex/pdftex.map}


]
<Images/ReFELX_EV_HP_Impact_Map2.pdf, id=13, 626.34pt x 426.59375pt>
File: Images/ReFELX_EV_HP_Impact_Map2.pdf Graphic file (type pdf)
<use Images/ReFELX_EV_HP_Impact_Map2.pdf>
Package pdftex.def Info: Images/ReFELX_EV_HP_Impact_Map2.pdf  used on input lin
e 180.
(pdftex.def)             Requested size: 189.0pt x 128.72768pt.
<Images/load_curvesEV.pdf, id=14, 1293.83376pt x 354.32375pt>
File: Images/load_curvesEV.pdf Graphic file (type pdf)
<use Images/load_curvesEV.pdf>
Package pdftex.def Info: Images/load_curvesEV.pdf  used on input line 189.
(pdftex.def)             Requested size: 252.0pt x 69.00905pt.


LaTeX Warning: `h' float specifier changed to `ht'.

[2 <./Images/ReFELX_EV_HP_Impact_Map2.pdf> <./Images/load_curvesEV.pdf>]

pdfTeX warning: pdflatex.exe (file ./Images/schematic.pdf): PDF inclusion: foun
d PDF version <1.7>, but at most version <1.5> allowed
<Images/schematic.pdf, id=33, 963.6pt x 542.025pt>
File: Images/schematic.pdf Graphic file (type pdf)
<use Images/schematic.pdf>
Package pdftex.def Info: Images/schematic.pdf  used on input line 211.
(pdftex.def)             Requested size: 252.0pt x 141.75023pt.
LaTeX Font Info:    Trying to load font information for TS1+ptm on input line 2
26.

(C:\Users\Benoit Couraud\AppData\Local\Programs\MiKTeX\tex/latex/psnfss\ts1ptm.
fd
File: ts1ptm.fd 2001/06/04 font definitions for TS1/ptm.
) [3 <./Images/schematic.pdf>]
<Images/dongle_Linky.jpg, id=50, 370.38374pt x 525.29584pt>
File: Images/dongle_Linky.jpg Graphic file (type jpg)
<use Images/dongle_Linky.jpg>
Package pdftex.def Info: Images/dongle_Linky.jpg  used on input line 238.
(pdftex.def)             Requested size: 126.0pt x 178.6944pt.


LaTeX Warning: `h' float specifier changed to `ht'.

[4 <./Images/dongle_Linky.jpg>]
<Images/NILMComparison.png, id=54, 1146.2825pt x 382.42876pt>
File: Images/NILMComparison.png Graphic file (type png)
<use Images/NILMComparison.png>
Package pdftex.def Info: Images/NILMComparison.png  used on input line 295.
(pdftex.def)             Requested size: 214.20154pt x 71.46011pt.
<Images/ForecastAccuracy.png, id=56, 1150.96666pt x 277.70416pt>
File: Images/ForecastAccuracy.png Graphic file (type png)
<use Images/ForecastAccuracy.png>
Package pdftex.def Info: Images/ForecastAccuracy.png  used on input line 309.
(pdftex.def)             Requested size: 252.0pt x 60.80272pt.
 (ISGT_Smart_Meter.bbl
Underfull \hbox (badness 4765) in paragraph at lines 25--28
[]\OT1/ptm/m/n/8 T. Veyrenc and O. Hou-ve-nagel, ``En-ergy Path-ways to 2050,''

 []


Underfull \hbox (badness 10000) in paragraph at lines 25--28
\OT1/ptm/m/n/8 https : / / www . rte-[]france . com / analyses-[]tendances-[]et
-[]prospectives /
 []

[5 <./Images/NILMComparison.png> <./Images/ForecastAccuracy.png>]
Underfull \hbox (badness 1418) in paragraph at lines 59--63
\OT1/ptm/m/n/8 Mon-i-tor-ing: Raw Data 2013-2015,'' $https : / / beta . ukdatas
ervice . ac . uk /
 []


Underfull \hbox (badness 10000) in paragraph at lines 92--94
[]\OT1/ptm/m/n/8 national Grid, ``P376 Base-line Method-ol-ogy,'' $https : / / 
www .
 []

)

** Conference Paper **
Before submitting the final camera ready copy, remember to:

 1. Manually equalize the lengths of two columns on the last page
 of your paper;

 2. Ensure that any PostScript and/or PDF output post-processing
 uses only Type 1 fonts and that every step in the generation
 process uses the appropriate paper size.

[leftcolumn badness]: 1000000 on 18.0pt
[rightcolumn badness]: 1000000 on 18.0pt
[leftcolumn badness]: 1000000 on 18.0pt
[rightcolumn badness]: 1000000 on 18.0pt
- LAST -
Extra skip:0.0pt
Left:102.0pt/1.73193pt
Right:102.0pt/1.73193pt
Split: 102.5pt
Output:102.5pt
Pageshrink: 0.0pt
Pagestretch: 0.0pt
@colht:672.0pt
FLUSHEND [output]: 102.5pt
FLUSHEND [leftcolumn badness]: 4
FUSHEND [rightcolumn badness]: 2
[6] (ISGT_Smart_Meter.aux) ) 
Here is how much of TeX's memory you used:
 12288 strings out of 478659
 261350 string characters out of 2841618
 590524 words of memory out of 3000000
 30162 multiletter control sequences out of 15000+600000
 447231 words of font info for 121 fonts, out of 8000000 for 9000
 1141 hyphenation exceptions out of 8191
 110i,10n,106p,2022b,516s stack positions out of 5000i,500n,10000p,200000b,80000s
{C:/Users/Benoit Couraud/AppData/Local/Programs/MiK
TeX/fonts/enc/dvips/base/8r.enc}<C:/Users/Benoit Couraud/AppData/Local/Programs
/MiKTeX/fonts/type1/public/amsfonts/cm/cmex10.pfb><C:/Users/Benoit Couraud/AppD
ata/Local/Programs/MiKTeX/fonts/type1/public/amsfonts/cm/cmmi10.pfb><C:/Users/B
enoit Couraud/AppData/Local/Programs/MiKTeX/fonts/type1/public/amsfonts/cm/cmmi
7.pfb><C:/Users/Benoit Couraud/AppData/Local/Programs/MiKTeX/fonts/type1/public
/amsfonts/cm/cmmi8.pfb><C:/Users/Benoit Couraud/AppData/Local/Programs/MiKTeX/f
onts/type1/public/amsfonts/cm/cmr10.pfb><C:/Users/Benoit Couraud/AppData/Local/
Programs/MiKTeX/fonts/type1/public/amsfonts/cm/cmr7.pfb><C:/Users/Benoit Courau
d/AppData/Local/Programs/MiKTeX/fonts/type1/public/amsfonts/cm/cmr8.pfb><C:/Use
rs/Benoit Couraud/AppData/Local/Programs/MiKTeX/fonts/type1/public/amsfonts/cm/
cmsy10.pfb><C:/Users/Benoit Couraud/AppData/Local/Programs/MiKTeX/fonts/type1/u
rw/times/utmb8a.pfb><C:/Users/Benoit Couraud/AppData/Local/Programs/MiKTeX/font
s/type1/urw/times/utmbi8a.pfb><C:/Users/Benoit Couraud/AppData/Local/Programs/M
iKTeX/fonts/type1/urw/times/utmr8a.pfb><C:/Users/Benoit Couraud/AppData/Local/P
rograms/MiKTeX/fonts/type1/urw/times/utmri8a.pfb>
Output written on ISGT_Smart_Meter.pdf (6 pages, 746751 bytes).
PDF statistics:
 115 PDF objects out of 1000 (max. 8388607)
 0 named destinations out of 1000 (max. 500000)
 31 words of extra memory for PDF output out of 10000 (max. 10000000)

